<?xml version="1.0" encoding="UTF-8"?>
<testng-results skipped="0" failed="0" ignored="0" total="1" passed="1">
  <reporter-output>
  </reporter-output>
  <suite name="Default suite" duration-ms="46" started-at="2021-02-06T10:34:40 EST" finished-at="2021-02-06T10:34:40 EST">
    <groups>
    </groups>
    <test name="Default test" duration-ms="46" started-at="2021-02-06T10:34:40 EST" finished-at="2021-02-06T10:34:40 EST">
      <class name="com.test02.test.NewTest">
        <test-method status="PASS" signature="TestPass()[pri:0, instance:com.test02.test.NewTest@1786dec2]" name="TestPass" duration-ms="9" started-at="2021-02-06T10:34:40 EST" finished-at="2021-02-06T10:34:40 EST">
          <reporter-output>
          </reporter-output>
        </test-method> <!-- TestPass -->
      </class> <!-- com.test02.test.NewTest -->
    </test> <!-- Default test -->
  </suite> <!-- Default suite -->
</testng-results>
