<?xml version="1.0" encoding="UTF-8"?>
<!-- Generated by org.testng.reporters.JUnitXMLReporter -->
<testsuite ignored="0" hostname="LAPTOP-B6HEUMQF" failures="1" tests="2" name="Test" time="0.047" errors="0" timestamp="2021-01-24T10:36:47 EST">
  <testcase classname="com.test02.test.NewTest" name="TestFail" time="0.01">
    <failure type="java.lang.AssertionError" message="expected:&amp;lt;10&amp;gt; but was:&amp;lt;15&amp;gt;">
      <![CDATA[java.lang.AssertionError: expected:<10> but was:<15>
at org.junit.Assert.fail(Assert.java:88)
at org.junit.Assert.failNotEquals(Assert.java:834)
at org.junit.Assert.assertEquals(Assert.java:645)
at org.junit.Assert.assertEquals(Assert.java:631)
at com.test02.test.NewTest.TestFail(NewTest.java:16)
at java.base/java.util.ArrayList.forEach(ArrayList.java:1510)
... Removed 27 stack frames]]>
    </failure>
  </testcase> <!-- TestFail -->
  <testcase classname="com.test02.test.NewTest" name="TestPass" time="0.001"/>
</testsuite> <!-- Test -->
